<?xml version="1.0" encoding="UTF-8"?>
<!-- Generated by org.testng.reporters.JUnitReportReporter -->
<testsuite hostname="MSI" failures="0" tests="1" name="com.paraBank.testCases.TC_LoginTest_001" time="11.053" errors="0" timestamp="2021-04-16T17:35:57 CDT" skipped="0">
  <testcase classname="com.paraBank.testCases.TC_LoginTest_001" name="loginTest" time="11.053"/>
  <system-out/>
</testsuite> <!-- com.paraBank.testCases.TC_LoginTest_001 -->
