<?xml version="1.0" encoding="UTF-8"?>
<!-- Generated by org.testng.reporters.JUnitReportReporter -->
<testsuite hostname="MSI" failures="0" tests="1" name="com.paraBank.testCases.TC_LoginTest_001" time="10.782" errors="0" timestamp="2021-04-26T13:28:30 CDT" skipped="0">
  <testcase classname="com.paraBank.testCases.TC_LoginTest_001" name="loginTest" time="10.782"/>
  <system-out/>
</testsuite> <!-- com.paraBank.testCases.TC_LoginTest_001 -->
